parts:
- description: Recurrence for multi-agent minimiax
  extraCredit: false
  maxPoints: 5
  messages: ['?']
  name: 1a
  points: '?'
- description: Recurrence for multi-agent expectimax
  extraCredit: false
  maxPoints: 5
  messages: ['?']
  name: 3a
  points: '?'
- description: 'Points for placing in the top 3 (1st place: 8, 2nd place: 5, 3rd place:
    2)'
  extraCredit: true
  maxPoints: 8
  messages: ['?']
  name: 4a
  points: '?'
- description: Description of your evaluation function.
  extraCredit: true
  maxPoints: 2
  messages: ['?']
  name: 4b
  points: '?'
